<?xml version="1.0" encoding="UTF-8"?>
<coverage generated="1601399880771" clover="3.2.0">
  <project timestamp="1601399880771" name="All files">
    <metrics statements="16" coveredstatements="11" conditionals="0" coveredconditionals="0" methods="14" coveredmethods="9" elements="30" coveredelements="20" complexity="0" loc="16" ncloc="16" packages="2" files="2" classes="2"/>
    <package name="queue">
      <metrics statements="8" coveredstatements="3" conditionals="0" coveredconditionals="0" methods="7" coveredmethods="2"/>
      <file name="queue.js" path="/Users/mpw/Documents/JavaScript Projects/data-structures/queue/queue.js">
        <metrics statements="8" coveredstatements="3" conditionals="0" coveredconditionals="0" methods="7" coveredmethods="2"/>
        <line num="3" count="9" type="stmt"/>
        <line num="8" count="4" type="stmt"/>
        <line num="13" count="0" type="stmt"/>
        <line num="18" count="0" type="stmt"/>
        <line num="23" count="0" type="stmt"/>
        <line num="28" count="0" type="stmt"/>
        <line num="33" count="0" type="stmt"/>
        <line num="37" count="1" type="stmt"/>
      </file>
    </package>
    <package name="stack">
      <metrics statements="8" coveredstatements="8" conditionals="0" coveredconditionals="0" methods="7" coveredmethods="7"/>
      <file name="stack.js" path="/Users/mpw/Documents/JavaScript Projects/data-structures/stack/stack.js">
        <metrics statements="8" coveredstatements="8" conditionals="0" coveredconditionals="0" methods="7" coveredmethods="7"/>
        <line num="3" count="22" type="stmt"/>
        <line num="8" count="29" type="stmt"/>
        <line num="13" count="8" type="stmt"/>
        <line num="18" count="19" type="stmt"/>
        <line num="23" count="6" type="stmt"/>
        <line num="28" count="5" type="stmt"/>
        <line num="33" count="21" type="stmt"/>
        <line num="37" count="1" type="stmt"/>
      </file>
    </package>
  </project>
</coverage>
