TN:
SF:queue/queue.js
FN:2,(anonymous_0)
FN:7,(anonymous_1)
FN:12,(anonymous_2)
FN:17,(anonymous_3)
FN:22,(anonymous_4)
FN:27,(anonymous_5)
FN:32,(anonymous_6)
FNF:7
FNH:2
FNDA:9,(anonymous_0)
FNDA:4,(anonymous_1)
FNDA:0,(anonymous_2)
FNDA:0,(anonymous_3)
FNDA:0,(anonymous_4)
FNDA:0,(anonymous_5)
FNDA:0,(anonymous_6)
DA:3,9
DA:8,4
DA:13,0
DA:18,0
DA:23,0
DA:28,0
DA:33,0
DA:37,1
LF:8
LH:3
BRF:0
BRH:0
end_of_record
TN:
SF:stack/stack.js
FN:2,(anonymous_0)
FN:7,(anonymous_1)
FN:12,(anonymous_2)
FN:17,(anonymous_3)
FN:22,(anonymous_4)
FN:27,(anonymous_5)
FN:32,(anonymous_6)
FNF:7
FNH:7
FNDA:22,(anonymous_0)
FNDA:29,(anonymous_1)
FNDA:8,(anonymous_2)
FNDA:19,(anonymous_3)
FNDA:6,(anonymous_4)
FNDA:5,(anonymous_5)
FNDA:21,(anonymous_6)
DA:3,22
DA:8,29
DA:13,8
DA:18,19
DA:23,6
DA:28,5
DA:33,21
DA:37,1
LF:8
LH:8
BRF:0
BRH:0
end_of_record
